2026-03-04 21:29:40.925Z: Host information
2026-03-04 21:29:40.925Z: ----------------
2026-03-04 21:29:40.925Z: OS: Ubuntu 22.04.5 LTS (stable release)
2026-03-04 21:29:40.925Z: Image details: https://github.com/github/codespaces-host-images/blob/main/README.md
2026-03-04 21:29:40.925Z: ----------------

=================================================================================
2026-03-04 21:29:40.927Z: Configuration starting...
2026-03-04 21:29:40.935Z: Cloning...
2026-03-04 21:29:40.946Z: Using image: mcr.microsoft.com/devcontainers/universal

=================================================================================
2026-03-04 21:29:40.960Z: Creating container...
2026-03-04 21:29:40.989Z: $ devcontainer up --id-label Type=codespaces --workspace-folder /var/lib/docker/codespacemount/workspace/Taskflow --mount type=bind,source=/.codespaces/agent/mount/cache,target=/vscode --user-data-folder /var/lib/docker/codespacemount/.persistedshare --container-data-folder .vscode-remote/data/Machine --container-system-data-folder /var/vscode-remote --log-level trace --log-format json --update-remote-user-uid-default never --mount-workspace-git-root false --omit-config-remote-env-from-metadata --skip-non-blocking-commands --skip-post-create --remove-existing-container --config "/var/lib/docker/codespacemount/workspace/Taskflow/.devcontainer/devcontainer.json" --override-config /root/.codespaces/shared/merged_devcontainer.json --default-user-env-probe loginInteractiveShell --container-session-data-folder /workspaces/.codespaces/.persistedshare/devcontainers-cli/cache --secrets-file /root/.codespaces/shared/user-secrets-envs.json
2026-03-04 21:29:41.140Z: @devcontainers/cli 0.80.3. Node.js v18.20.8. linux 6.8.0-1044-azure x64.
2026-03-04 21:29:41.610Z: Resolving Feature dependencies for 'ghcr.io/devcontainers/features/mongodb:1'...
2026-03-04 21:29:42.570Z: {"outcome":"error","message":"ERR: Feature 'ghcr.io/devcontainers/features/mongodb:1' could not be processed.  You may not have permission to access this Feature, or may not be logged in.  If the issue persists, report this to the Feature author.","description":"An error occurred setting up the container."}
2026-03-04 21:29:42.572Z: Error: ERR: Feature 'ghcr.io/devcontainers/features/mongodb:1' could not be processed.  You may not have permission to access this Feature, or may not be logged in.  If the issue persists, report this to the Feature author.
2026-03-04 21:29:42.574Z:     at RX (/.codespaces/agent/bin/node_modules/@devcontainers/cli/dist/spec-node/devContainersSpecCLI.js:287:9690)
2026-03-04 21:29:42.574Z:     at process.processTicksAndRejections (node:internal/process/task_queues:95:5)
2026-03-04 21:29:42.575Z:     at async AC (/.codespaces/agent/bin/node_modules/@devcontainers/cli/dist/spec-node/devContainersSpecCLI.js:287:12258)
2026-03-04 21:29:42.576Z:     at async Lu (/.codespaces/agent/bin/node_modules/@devcontainers/cli/dist/spec-node/devContainersSpecCLI.js:287:12484)
2026-03-04 21:29:42.579Z: devcontainer process exited with exit code 1
2026-03-04 21:29:42.581Z:     at async Tu (/.codespaces/agent/bin/node_modules/@devcontainers/cli/dist/spec-node/devContainersSpecCLI.js:392:1818)
2026-03-04 21:29:42.581Z:     at async sC (/.codespaces/agent/bin/node_modules/@devcontainers/cli/dist/spec-node/devContainersSpecCLI.js:395:2283)
2026-03-04 21:29:42.581Z:     at async Wu (/.codespaces/agent/bin/node_modules/@devcontainers/cli/dist/spec-node/devContainersSpecCLI.js:395:282)
2026-03-04 21:29:42.581Z:     at async pw (/.codespaces/agent/bin/node_modules/@devcontainers/cli/dist/spec-node/devContainersSpecCLI.js:467:1923)
2026-03-04 21:29:42.581Z:     at async Cx (/.codespaces/agent/bin/node_modules/@devcontainers/cli/dist/spec-node/devContainersSpecCLI.js:467:608)
2026-03-04 21:29:42.582Z:     at async P6 (/.codespaces/agent/bin/node_modules/@devcontainers/cli/dist/spec-node/devContainersSpecCLI.js:485:3842)

====================================== ERROR ====================================
2026-03-04 21:29:42.586Z: Failed to create container.
=================================================================================
2026-03-04 21:29:42.586Z: Error: ERR: Feature 'ghcr.io/devcontainers/features/mongodb:1' could not be processed.  You may not have permission to access this Feature, or may not be logged in.  If the issue persists, report this to the Feature author.
2026-03-04 21:29:42.587Z: Error code: 1302 (UnifiedContainersErrorFatalCreatingContainer)

====================================== ERROR ====================================
2026-03-04 21:29:42.592Z: Container creation failed.
=================================================================================
2026-03-04 21:29:42.600Z: 

===================================== WARNING ===================================
2026-03-04 21:29:42.601Z: Creating recovery container.
=================================================================================

=================================================================================
2026-03-04 21:29:43.386Z: Creating container...
2026-03-04 21:29:43.428Z: $ devcontainer up --id-label Type=codespaces --workspace-folder /var/lib/docker/codespacemount/workspace/Taskflow --mount type=bind,source=/.codespaces/agent/mount/cache,target=/vscode --user-data-folder /var/lib/docker/codespacemount/.persistedshare --container-data-folder .vscode-remote/data/Machine --container-system-data-folder /var/vscode-remote --log-level trace --log-format json --update-remote-user-uid-default never --mount-workspace-git-root false --omit-config-remote-env-from-metadata --skip-non-blocking-commands --skip-post-create --config "/var/lib/docker/codespacemount/workspace/Taskflow/.devcontainer/devcontainer.json" --override-config /root/.codespaces/shared/merged_devcontainer.json --default-user-env-probe loginInteractiveShell --container-session-data-folder /workspaces/.codespaces/.persistedshare/devcontainers-cli/cache --secrets-file /root/.codespaces/shared/user-secrets-envs.json
2026-03-04 21:29:43.569Z: @devcontainers/cli 0.80.3. Node.js v18.20.8. linux 6.8.0-1044-azure x64.
2026-03-04 21:29:43.978Z: $alpine -c echo Container started
2026-03-04 21:29:44.001Z: Unable to find image 'mcr.microsoft.com/devcontainers/base:alpine' locally
2026-03-04 21:29:44.192Z: alpine: Pulling from devcontainers/base
2026-03-04 21:29:44.233Z: 
[1A[2K
589002ba0eae: Pulling fs layer 
[1B
[1A[2K
ec96344f6ec1: Pulling fs layer 
[1B
[1A[2K
fd3e8e7098b1: Pulling fs layer 
[1B
[1A[2K
a71d19dc0491: Pulling fs layer 
[1B
[1A[2K
beedab6d2dc5: Pulling fs layer 
[1B
[1A[2K
24a6a32017b9: Pulling fs layer 
[1B
[1A[2K
c47cdaf2046d: Pulling fs layer 
[1B[4A[2K
a71d19dc0491: Waiting 
[4B[3A[2K
beedab6d2dc5: Waiting 
[3B[2A[2K
24a6a32017b9: Waiting 
[2B[1A[2K
c47cdaf2046d: Waiting 
[1B2026-03-04 21:29:44.303Z: [7A[2K
589002ba0eae: Downloading  48.34kB/3.862MB
[7B2026-03-04 21:29:44.322Z: [7A[2K
589002ba0eae: Verifying Checksum 
[7B[7A[2K
589002ba0eae: Download complete 
[7B2026-03-04 21:29:44.326Z: [7A[2K
589002ba0eae: Extracting  65.54kB/3.862MB
[7B2026-03-04 21:29:44.355Z: [6A[2K
ec96344f6ec1: Downloading     406B/406B
[6B[6A[2K
2026-03-04 21:29:44.355Z: ec96344f6ec1: Download complete 
[6B2026-03-04 21:29:44.384Z: [5A[2K
fd3e8e7098b1: Downloading     134B/134B
[5B2026-03-04 21:29:44.385Z: [5A[2K
fd3e8e7098b1: Verifying Checksum 
[5B[5A[2K
fd3e8e7098b1: Download complete 
[5B2026-03-04 21:29:44.396Z: [4A2026-03-04 21:29:44.396Z: [2K
a71d19dc0491: Downloading     223B/223B
[4B[4A[2K
a71d19dc0491: Verifying Checksum 
[4B[4A[2K
a71d19dc0491: Download complete 
[4B2026-03-04 21:29:44.424Z: [7A[2K
589002ba0eae: Extracting  720.9kB/3.862MB
[7B2026-03-04 21:29:44.449Z: [3A[2K
beedab6d2dc5: Downloading     233B/233B
[3B[3A[2K
beedab6d2dc5: Verifying Checksum 
[3B[3A[2K
beedab6d2dc5: Download complete 
[3B2026-03-04 21:29:44.451Z: [2A[2K
24a6a32017b9: Downloading  538.7kB/216.3MB
[2B2026-03-04 21:29:44.492Z: [1A[2K
c47cdaf2046d: 2026-03-04 21:29:44.492Z: Downloading  473.2kB/45.87MB
[1B2026-03-04 21:29:44.541Z: [7A[2K
589002ba0eae: Extracting  1.769MB/3.862MB
[7B2026-03-04 21:29:44.554Z: [2A[2K
24a6a32017b9: Downloading  20.53MB/216.3MB
[2B2026-03-04 21:29:44.593Z: [1A[2K
c47cdaf2046d: Downloading   20.2MB/45.87MB
[1B2026-03-04 21:29:44.664Z: [2A[2K
2026-03-04 21:29:44.665Z: 24a6a32017b9: Downloading  38.37MB/216.3MB
[2B2026-03-04 21:29:44.692Z: [7A[2K
589002ba0eae: Extracting  3.539MB/3.862MB
[7B2026-03-04 21:29:44.693Z: [1A2026-03-04 21:29:44.694Z: [2K
c47cdaf2046d: Verifying Checksum 
[1B[1A[2K
c47cdaf2046d: Download complete 
[1B2026-03-04 21:29:44.701Z: [7A[2K
589002ba0eae: Extracting  3.862MB/3.862MB
[7B2026-03-04 21:29:44.758Z: [2A[2K
24a6a32017b9: 2026-03-04 21:29:44.758Z: Downloading  58.92MB/216.3MB
[2B2026-03-04 21:29:44.761Z: [7A2026-03-04 21:29:44.761Z: [2K
589002ba0eae: Pull complete 
[7B2026-03-04 21:29:44.773Z: [6A[2K
ec96344f6ec1: Extracting     406B/406B
[6B2026-03-04 21:29:44.774Z: [6A2026-03-04 21:29:44.777Z: [2K
ec96344f6ec1: Extracting     406B/406B
[6B2026-03-04 21:29:44.860Z: [2A2026-03-04 21:29:44.863Z: [2K
24a6a32017b9: Downloading  76.76MB/216.3MB
[2B2026-03-04 21:29:44.961Z: [2A[2K
24a6a32017b9: Downloading  89.19MB/216.3MB
[2B2026-03-04 21:29:45.132Z: [2A[2K
24a6a32017b9: Downloading  97.85MB/216.3MB
[2B2026-03-04 21:29:45.235Z: [2A[2K
24a6a32017b9: Downloading  116.2MB/216.3MB
[2B2026-03-04 21:29:45.337Z: [2A[2K
24a6a32017b9: Downloading  134.1MB/216.3MB
[2B2026-03-04 21:29:45.437Z: [2A[2K
24a6a32017b9: Downloading  152.5MB/216.3MB
[2B2026-03-04 21:29:45.537Z: [2A[2K
24a6a32017b9: Downloading  169.8MB/216.3MB
[2B2026-03-04 21:29:45.646Z: [2A[2K
24a6a32017b9: Downloading  188.1MB/216.3MB
[2B2026-03-04 21:29:45.745Z: [2A[2K
24a6a32017b9: Downloading  201.7MB/216.3MB
[2B2026-03-04 21:29:45.811Z: [2A[2K
24a6a32017b9: Verifying Checksum 
[2B[2A[2K
24a6a32017b9: Download complete 
[2B2026-03-04 21:29:46.792Z: [6A2026-03-04 21:29:46.792Z: [2K
ec96344f6ec1: Pull complete 
[6B2026-03-04 21:29:46.798Z: [5A[2K
fd3e8e7098b1: Extracting     134B/134B
[5B2026-03-04 21:29:46.799Z: [5A[2K
fd3e8e7098b1: Extracting     134B/134B
[5B2026-03-04 21:29:48.302Z: [5A[2K2026-03-04 21:29:48.302Z: 
fd3e8e7098b1: Pull complete 
2026-03-04 21:29:48.303Z: [5B2026-03-04 21:29:48.308Z: [4A[2K
a71d19dc0491: Extracting     223B/223B
[4B2026-03-04 21:29:48.309Z: [4A[2K
a71d19dc0491: Extracting     223B/223B
[4B2026-03-04 21:29:48.334Z: [4A[2K
a71d19dc0491: Pull complete 
[4B2026-03-04 21:29:48.339Z: [3A[2K
beedab6d2dc5: Extracting     233B/233B
[3B2026-03-04 21:29:48.341Z: [3A[2K
beedab6d2dc5: Extracting     233B/233B
[3B2026-03-04 21:29:48.364Z: [3A[2K
beedab6d2dc5: Pull complete 
[3B2026-03-04 21:29:48.393Z: [2A[2K
24a6a32017b9: Extracting  557.1kB/216.3MB
[2B2026-03-04 21:29:48.497Z: [2A[2K
2026-03-04 21:29:48.497Z: 24a6a32017b9: Extracting  5.014MB/216.3MB
[2B2026-03-04 21:29:48.601Z: [2A[2K
24a6a32017b9: Extracting  12.26MB/216.3MB
[2B2026-03-04 21:29:48.706Z: [2A[2K
24a6a32017b9: Extracting   19.5MB/216.3MB
[2B2026-03-04 21:29:48.842Z: [2A[2K
24a6a32017b9: Extracting  25.62MB/216.3MB
[2B2026-03-04 21:29:48.948Z: [2A[2K
24a6a32017b9: Extracting  26.74MB/216.3MB
[2B2026-03-04 21:29:49.064Z: [2A2026-03-04 21:29:49.065Z: [2K
24a6a32017b9: Extracting   27.3MB/216.3MB
[2B2026-03-04 21:29:49.228Z: [2A[2K
24a6a32017b9: Extracting  28.41MB/216.3MB
[2B2026-03-04 21:29:49.351Z: [2A[2K
24a6a32017b9: Extracting  28.97MB/216.3MB
[2B2026-03-04 21:29:49.466Z: [2A[2K
24a6a32017b9: Extracting  32.31MB/216.3MB
[2B2026-03-04 21:29:49.575Z: [2A[2K
24a6a32017b9: 2026-03-04 21:29:49.576Z: Extracting  33.42MB/216.3MB
[2B2026-03-04 21:29:49.682Z: [2A2026-03-04 21:29:49.686Z: [2K
24a6a32017b9: Extracting  38.44MB/216.3MB
[2B2026-03-04 21:29:49.785Z: [2A[2K
24a6a32017b9: Extracting  44.56MB/216.3MB
[2B2026-03-04 21:29:49.891Z: [2A[2K
24a6a32017b9: Extracting  50.69MB/216.3MB
[2B2026-03-04 21:29:49.998Z: [2A[2K
24a6a32017b9: Extracting  56.26MB/216.3MB
[2B2026-03-04 21:29:50.116Z: [2A[2K2026-03-04 21:29:50.116Z: 
24a6a32017b9: Extracting  61.28MB/216.3MB
[2B2026-03-04 21:29:50.226Z: [2A[2K
24a6a32017b9: Extracting  64.62MB/216.3MB
[2B2026-03-04 21:29:50.344Z: [2A[2K
24a6a32017b9: Extracting  67.96MB/216.3MB
[2B2026-03-04 21:29:50.448Z: [2A[2K
24a6a32017b9: Extracting  73.53MB/216.3MB
[2B2026-03-04 21:29:50.554Z: [2A[2K
24a6a32017b9: Extracting  81.33MB/216.3MB
[2B2026-03-04 21:29:50.702Z: [2A[2K
24a6a32017b9: Extracting  85.23MB/216.3MB
[2B2026-03-04 21:29:50.830Z: [2A[2K
24a6a32017b9: Extracting  89.69MB/216.3MB
[2B2026-03-04 21:29:50.973Z: [2A[2K
24a6a32017b9: Extracting  91.36MB/216.3MB
[2B2026-03-04 21:29:51.137Z: [2A2026-03-04 21:29:51.137Z: [2K
24a6a32017b9: Extracting  93.03MB/216.3MB
[2B2026-03-04 21:29:51.241Z: [2A[2K
24a6a32017b9: Extracting  99.16MB/216.3MB
[2B2026-03-04 21:29:51.351Z: [2A[2K
24a6a32017b9: Extracting  105.8MB/216.3MB
[2B2026-03-04 21:29:51.457Z: [2A[2K
24a6a32017b9: Extracting    112MB/216.3MB
[2B2026-03-04 21:29:51.558Z: [2A2026-03-04 21:29:51.559Z: [2K
24a6a32017b9: Extracting  119.8MB/216.3MB
[2B2026-03-04 21:29:51.680Z: [2A[2K
24a6a32017b9: Extracting  126.5MB/216.3MB
[2B2026-03-04 21:29:51.781Z: [2A[2K
24a6a32017b9: Extracting  133.1MB/216.3MB
[2B2026-03-04 21:29:51.884Z: [2A[2K
24a6a32017b9: Extracting  140.4MB/216.3MB
[2B2026-03-04 21:29:52.014Z: [2A[2K2026-03-04 21:29:52.016Z: 
24a6a32017b9: Extracting  146.5MB/216.3MB
[2B2026-03-04 21:29:52.119Z: [2A[2K
24a6a32017b9: Extracting  154.3MB/216.3MB
[2B2026-03-04 21:29:52.221Z: [2A[2K
24a6a32017b9: Extracting  161.5MB/216.3MB
[2B2026-03-04 21:29:52.327Z: [2A[2K
24a6a32017b9: Extracting  168.2MB/216.3MB
[2B2026-03-04 21:29:52.428Z: [2A[2K
24a6a32017b9: Extracting    176MB/216.3MB
[2B2026-03-04 21:29:52.530Z: [2A[2K
24a6a32017b9: Extracting  184.4MB/216.3MB
[2B2026-03-04 21:29:52.648Z: [2A[2K
24a6a32017b9: 2026-03-04 21:29:52.648Z: Extracting    190MB/216.3MB
[2B2026-03-04 21:29:52.757Z: [2A[2K
24a6a32017b9: Extracting  192.2MB/216.3MB
[2B2026-03-04 21:29:52.864Z: [2A[2K
24a6a32017b9: Extracting  194.4MB/216.3MB
[2B2026-03-04 21:29:53.006Z: [2A2026-03-04 21:29:53.006Z: [2K
24a6a32017b9: Extracting  197.8MB/216.3MB
[2B2026-03-04 21:29:53.139Z: [2A[2K
24a6a32017b9: Extracting  199.4MB/216.3MB
[2B2026-03-04 21:29:53.240Z: [2A[2K
24a6a32017b9: Extracting  202.2MB/216.3MB
[2B2026-03-04 21:29:58.923Z: [2A[2K
24a6a32017b9: Extracting  203.9MB/216.3MB
[2B2026-03-04 21:29:59.065Z: [2A[2K
24a6a32017b9: 2026-03-04 21:29:59.066Z: Extracting  204.4MB/216.3MB
[2B2026-03-04 21:29:59.198Z: [2A[2K
2026-03-04 21:29:59.198Z: 24a6a32017b9: Extracting  205.6MB/216.3MB
[2B2026-03-04 21:29:59.350Z: [2A[2K
24a6a32017b9: Extracting  207.2MB/216.3MB
[2B2026-03-04 21:29:59.616Z: [2A2026-03-04 21:29:59.617Z: [2K
24a6a32017b9: Extracting  209.5MB/216.3MB
[2B2026-03-04 21:29:59.722Z: [2A2026-03-04 21:29:59.722Z: [2K
24a6a32017b9: 2026-03-04 21:29:59.722Z: Extracting  210.6MB/216.3MB
[2B2026-03-04 21:29:59.980Z: [2A[2K
24a6a32017b9: Extracting  211.1MB/216.3MB
[2B2026-03-04 21:30:00.094Z: [2A[2K
24a6a32017b9: Extracting  212.2MB/216.3MB
[2B2026-03-04 21:30:00.206Z: [2A[2K
24a6a32017b9: Extracting  212.8MB/216.3MB
[2B2026-03-04 21:30:00.423Z: [2A[2K
24a6a32017b9: Extracting  213.4MB/216.3MB
[2B2026-03-04 21:30:00.998Z: [2A[2K
24a6a32017b9: Extracting  213.9MB/216.3MB
[2B2026-03-04 21:30:01.011Z: [2A[2K
24a6a32017b9: Extracting  216.3MB/216.3MB
[2B2026-03-04 21:30:03.134Z: [2A[2K
24a6a32017b9: Pull complete 
[2B2026-03-04 21:30:03.806Z: [1A[2K
c47cdaf2046d: Extracting  458.8kB/45.87MB
[1B2026-03-04 21:30:03.923Z: [1A[2K
c47cdaf2046d: Extracting  1.835MB/45.87MB
[1B2026-03-04 21:30:04.061Z: [1A[2K
c47cdaf2046d: Extracting  5.505MB/45.87MB
[1B2026-03-04 21:30:04.234Z: [1A[2K
c47cdaf2046d: Extracting  5.964MB/45.87MB
[1B2026-03-04 21:30:04.363Z: [1A[2K
c47cdaf2046d: Extracting  8.716MB/45.87MB
[1B2026-03-04 21:30:04.512Z: [1A[2K
c47cdaf2046d: Extracting  12.85MB/45.87MB
[1B2026-03-04 21:30:04.680Z: [1A[2K
c47cdaf2046d: Extracting   13.3MB/45.87MB
[1B2026-03-04 21:30:04.807Z: [1A2026-03-04 21:30:04.808Z: [2K
c47cdaf2046d: Extracting  16.06MB/45.87MB
[1B2026-03-04 21:30:04.917Z: [1A[2K
c47cdaf2046d: Extracting   21.1MB/45.87MB
[1B2026-03-04 21:30:05.022Z: [1A2026-03-04 21:30:05.023Z: [2K
c47cdaf2046d: Extracting  26.61MB/45.87MB
[1B2026-03-04 21:30:05.131Z: [1A[2K
c47cdaf2046d: Extracting  29.82MB/45.87MB
[1B2026-03-04 21:30:05.423Z: [1A2026-03-04 21:30:05.424Z: [2K
c47cdaf2046d: Extracting   31.2MB/45.87MB
[1B2026-03-04 21:30:05.542Z: [1A[2K
2026-03-04 21:30:05.542Z: c47cdaf2046d: Extracting  32.11MB/45.87MB
[1B2026-03-04 21:30:05.703Z: [1A[2K
c47cdaf2046d: Extracting  32.57MB/45.87MB
[1B2026-03-04 21:30:05.830Z: [1A2026-03-04 21:30:05.830Z: [2K
c47cdaf2046d: Extracting  33.03MB/45.87MB
[1B2026-03-04 21:30:05.939Z: [1A2026-03-04 21:30:05.940Z: [2K
c47cdaf2046d: Extracting  33.49MB/45.87MB
[1B2026-03-04 21:30:06.087Z: [1A2026-03-04 21:30:06.087Z: [2K
c47cdaf2046d: Extracting  34.87MB/45.87MB
[1B2026-03-04 21:30:06.196Z: [1A2026-03-04 21:30:06.196Z: [2K
c47cdaf2046d: Extracting  37.16MB/45.87MB
[1B2026-03-04 21:30:06.388Z: [1A[2K
c47cdaf2046d: 2026-03-04 21:30:06.388Z: Extracting  38.08MB/45.87MB
[1B2026-03-04 21:30:06.501Z: [1A[2K
2026-03-04 21:30:06.501Z: c47cdaf2046d: Extracting  40.83MB/45.87MB
[1B2026-03-04 21:30:06.616Z: [1A[2K
c47cdaf2046d: Extracting  41.75MB/45.87MB
[1B2026-03-04 21:30:06.784Z: [1A[2K
c47cdaf2046d: Extracting  42.66MB/45.87MB
[1B2026-03-04 21:30:06.935Z: [1A[2K
c47cdaf2046d: Extracting  43.12MB/45.87MB
[1B2026-03-04 21:30:07.056Z: [1A[2K
c47cdaf2046d: Extracting  43.58MB/45.87MB
[1B2026-03-04 21:30:07.081Z: [1A[2K
c47cdaf2046d: Extracting  45.87MB/45.87MB
[1B2026-03-04 21:30:08.617Z: [1A[2K
c47cdaf2046d: Pull complete 
[1B2026-03-04 21:30:08.626Z: Digest: sha256:2ff82b3874eec11a87738d76d30c087bcd389499ea67af4505b50adea8469a9c
2026-03-04 21:30:08.630Z: Status: Downloaded newer image for mcr.microsoft.com/devcontainers/base:alpine
2026-03-04 21:30:08.817Z: Container started
2026-03-04 21:30:09.003Z: Outcome: success User: vscode WorkspaceFolder: /workspaces/Taskflow
2026-03-04 21:30:09.012Z: devcontainer process exited with exit code 0

=================================================================================
2026-03-04 21:30:09.366Z: Running blocking commands...
2026-03-04 21:30:09.412Z: $ devcontainer up --id-label Type=codespaces --workspace-folder /var/lib/docker/codespacemount/workspace/Taskflow --mount type=bind,source=/.codespaces/agent/mount/cache,target=/vscode --user-data-folder /var/lib/docker/codespacemount/.persistedshare --container-data-folder .vscode-remote/data/Machine --container-system-data-folder /var/vscode-remote --log-level trace --log-format json --update-remote-user-uid-default never --mount-workspace-git-root false --omit-config-remote-env-from-metadata --skip-non-blocking-commands --expect-existing-container --config "/var/lib/docker/codespacemount/workspace/Taskflow/.devcontainer/devcontainer.json" --override-config /root/.codespaces/shared/merged_devcontainer.json --default-user-env-probe loginInteractiveShell --container-session-data-folder /workspaces/.codespaces/.persistedshare/devcontainers-cli/cache --secrets-file /root/.codespaces/shared/user-secrets-envs.json
2026-03-04 21:30:09.653Z: @devcontainers/cli 0.80.3. Node.js v18.20.8. linux 6.8.0-1044-azure x64.
2026-03-04 21:30:10.095Z: Outcome: success User: vscode WorkspaceFolder: /workspaces/Taskflow
2026-03-04 21:30:10.110Z: devcontainer process exited with exit code 0

=================================================================================
2026-03-04 21:30:10.124Z: Configuring codespace...

=================================================================================
2026-03-04 21:30:10.128Z: Finished configuring codespace.
